<?xml version="1.0" encoding="UTF-8"?>
<!-- Generated by org.testng.reporters.JUnitReportReporter -->
<testsuite hostname="DESKTOP-ODK1B5J" failures="0" tests="1" name="qapitol_workshop.CricbuzzrankTest" time="3.567" errors="0" timestamp="2024-11-23T12:45:05 IST" skipped="0">
  <testcase classname="qapitol_workshop.CricbuzzrankTest" name="rankTest" time="3.567"/>
  <system-out/>
</testsuite> <!-- qapitol_workshop.CricbuzzrankTest -->
