<?xml version="1.0" encoding="UTF-8"?>
<!-- Generated by org.testng.reporters.JUnitReportReporter -->
<testsuite hostname="DESKTOP-ODK1B5J" failures="0" tests="2" name="qapitol_workshop.LoginWithDataProvider" time="1.219" errors="0" timestamp="2024-11-22T14:06:54 IST" skipped="0">
  <testcase classname="qapitol_workshop.LoginWithDataProvider" name="resister" time="0.397"/>
  <system-out/>
  <testcase classname="qapitol_workshop.LoginWithDataProvider" name="resister" time="0.822"/>
  <system-out/>
</testsuite> <!-- qapitol_workshop.LoginWithDataProvider -->
