<?xml version="1.0" encoding="UTF-8"?>
<!-- Generated by org.testng.reporters.JUnitReportReporter -->
<testsuite hostname="DESKTOP-ODK1B5J" failures="0" tests="1" name="qapitol_workshop.ResisterWithDataprovider" time="2.970" errors="0" timestamp="2024-11-22T14:07:20 IST" skipped="0">
  <testcase classname="qapitol_workshop.ResisterWithDataprovider" name="resisteronBookstore" time="2.970"/>
  <system-out/>
</testsuite> <!-- qapitol_workshop.ResisterWithDataprovider -->
